{"level":"\u001b[32minfo\u001b[39m","message":"🕵️‍♂️ :: Configuration loaded","timestamp":"2024-11-18 10:17:17"}
{"level":"\u001b[32minfo\u001b[39m","message":"🚀 :: Server is running on port 3000","timestamp":"2024-11-18 10:17:17"}
{"level":"\u001b[32minfo\u001b[39m","message":"🕵️‍♂️ :: Configuration loaded","timestamp":"2024-11-21 21:14:58"}
{"level":"\u001b[32minfo\u001b[39m","message":"🚀 :: Server is running on port 666","timestamp":"2024-11-21 21:14:59"}
{"level":"\u001b[32minfo\u001b[39m","message":"🕵️‍♂️ :: Configuration loaded","timestamp":"2024-11-21 21:15:00"}
{"level":"\u001b[32minfo\u001b[39m","message":"🚀 :: Server is running on port 666","timestamp":"2024-11-21 21:15:00"}
{"level":"\u001b[32minfo\u001b[39m","message":"🕵️‍♂️ :: Configuration loaded","timestamp":"2024-11-21 21:19:37"}
{"level":"\u001b[32minfo\u001b[39m","message":"🚀 :: Server is running on port 666","timestamp":"2024-11-21 21:19:37"}
{"level":"\u001b[32minfo\u001b[39m","message":"🕵️‍♂️ :: Configuration loaded","timestamp":"2024-11-21 21:19:38"}
{"level":"\u001b[32minfo\u001b[39m","message":"🚀 :: Server is running on port 666","timestamp":"2024-11-21 21:19:38"}
{"level":"\u001b[32minfo\u001b[39m","message":"🕵️‍♂️ :: Configuration loaded","timestamp":"2024-11-21 21:26:29"}
{"level":"\u001b[32minfo\u001b[39m","message":"🚀 :: Server is running on port 666","timestamp":"2024-11-21 21:26:30"}
{"level":"\u001b[32minfo\u001b[39m","message":"🕵️‍♂️ :: Configuration loaded","timestamp":"2024-11-21 21:26:31"}
{"level":"\u001b[32minfo\u001b[39m","message":"🚀 :: Server is running on port 666","timestamp":"2024-11-21 21:26:31"}
{"level":"\u001b[32minfo\u001b[39m","message":"🕵️‍♂️ :: Configuration loaded","timestamp":"2024-11-21 21:40:59"}
{"level":"\u001b[32minfo\u001b[39m","message":"🚀 :: Server is running on port 666","timestamp":"2024-11-21 21:40:59"}
{"level":"\u001b[32minfo\u001b[39m","message":"🕵️‍♂️ :: Configuration loaded","timestamp":"2024-11-21 21:43:12"}
{"level":"\u001b[32minfo\u001b[39m","message":"🚀 :: Server is running on port 666","timestamp":"2024-11-21 21:43:12"}
{"level":"\u001b[32minfo\u001b[39m","message":"🕵️‍♂️ :: Configuration loaded","timestamp":"2024-11-21 21:43:13"}
{"level":"\u001b[32minfo\u001b[39m","message":"🚀 :: Server is running on port 666","timestamp":"2024-11-21 21:43:13"}
{"level":"\u001b[32minfo\u001b[39m","message":"🕵️‍♂️ :: Configuration loaded","timestamp":"2024-11-21 21:44:01"}
{"level":"\u001b[32minfo\u001b[39m","message":"🚀 :: Server is running on port 666","timestamp":"2024-11-21 21:44:01"}
{"level":"\u001b[32minfo\u001b[39m","message":"🕵️‍♂️ :: Configuration loaded","timestamp":"2024-11-21 21:44:38"}
{"level":"\u001b[32minfo\u001b[39m","message":"🚀 :: Server is running on port 666","timestamp":"2024-11-21 21:44:38"}
{"level":"\u001b[32minfo\u001b[39m","message":"🕵️‍♂️ :: Configuration loaded","timestamp":"2024-11-21 21:46:23"}
{"level":"\u001b[32minfo\u001b[39m","message":"🚀 :: Server is running on port 666","timestamp":"2024-11-21 21:46:23"}
{"level":"\u001b[32minfo\u001b[39m","message":"🕵️‍♂️ :: Configuration loaded","timestamp":"2024-11-21 21:46:24"}
{"level":"\u001b[32minfo\u001b[39m","message":"🚀 :: Server is running on port 666","timestamp":"2024-11-21 21:46:24"}
{"level":"\u001b[32minfo\u001b[39m","message":"🕵️‍♂️ :: Configuration loaded","timestamp":"2024-11-21 21:47:04"}
{"level":"\u001b[32minfo\u001b[39m","message":"🚀 :: Server is running on port 666","timestamp":"2024-11-21 21:47:04"}
{"level":"\u001b[32minfo\u001b[39m","message":"🕵️‍♂️ :: Configuration loaded","timestamp":"2024-11-21 21:47:06"}
{"level":"\u001b[32minfo\u001b[39m","message":"🚀 :: Server is running on port 666","timestamp":"2024-11-21 21:47:06"}
{"level":"\u001b[32minfo\u001b[39m","message":"🕵️‍♂️ :: Configuration loaded","timestamp":"2024-11-21 21:48:20"}
{"level":"\u001b[32minfo\u001b[39m","message":"🚀 :: Server is running on port 666","timestamp":"2024-11-21 21:48:20"}
{"level":"\u001b[32minfo\u001b[39m","message":"🕵️‍♂️ :: Configuration loaded","timestamp":"2024-11-21 21:49:43"}
{"level":"\u001b[32minfo\u001b[39m","message":"🚀 :: Server is running on port 666","timestamp":"2024-11-21 21:49:43"}
{"level":"\u001b[32minfo\u001b[39m","message":"🕵️‍♂️ :: Configuration loaded","timestamp":"2024-11-21 21:49:44"}
{"level":"\u001b[32minfo\u001b[39m","message":"🚀 :: Server is running on port 666","timestamp":"2024-11-21 21:49:44"}
{"level":"\u001b[32minfo\u001b[39m","message":"🕵️‍♂️ :: Configuration loaded","timestamp":"2024-11-21 21:50:40"}
{"level":"\u001b[32minfo\u001b[39m","message":"🚀 :: Server is running on port 666","timestamp":"2024-11-21 21:50:40"}
{"level":"\u001b[32minfo\u001b[39m","message":"🕵️‍♂️ :: Configuration loaded","timestamp":"2024-11-21 21:50:41"}
{"level":"\u001b[32minfo\u001b[39m","message":"🚀 :: Server is running on port 666","timestamp":"2024-11-21 21:50:41"}
{"level":"\u001b[32minfo\u001b[39m","message":"🕵️‍♂️ :: Configuration loaded","timestamp":"2024-11-21 22:30:44"}
{"level":"\u001b[32minfo\u001b[39m","message":"🚀 :: Server is running on port 666","timestamp":"2024-11-21 22:30:45"}
{"level":"\u001b[32minfo\u001b[39m","message":"🕵️‍♂️ :: Configuration loaded","timestamp":"2024-11-21 22:30:46"}
{"level":"\u001b[32minfo\u001b[39m","message":"🚀 :: Server is running on port 666","timestamp":"2024-11-21 22:30:46"}
{"level":"\u001b[32minfo\u001b[39m","message":"🕵️‍♂️ :: Configuration loaded","timestamp":"2024-11-21 22:32:06"}
{"level":"\u001b[32minfo\u001b[39m","message":"🚀 :: Server is running on port 666","timestamp":"2024-11-21 22:32:06"}
{"level":"\u001b[32minfo\u001b[39m","message":"🕵️‍♂️ :: Configuration loaded","timestamp":"2024-11-21 22:32:07"}
{"level":"\u001b[32minfo\u001b[39m","message":"🚀 :: Server is running on port 666","timestamp":"2024-11-21 22:32:07"}
{"level":"\u001b[32minfo\u001b[39m","message":"🕵️‍♂️ :: Configuration loaded","timestamp":"2024-11-21 22:58:51"}
{"level":"\u001b[32minfo\u001b[39m","message":"🚀 :: Server is running on port 666","timestamp":"2024-11-21 22:58:51"}
{"level":"\u001b[32minfo\u001b[39m","message":"🕵️‍♂️ :: Configuration loaded","timestamp":"2024-11-21 22:58:52"}
{"level":"\u001b[32minfo\u001b[39m","message":"🚀 :: Server is running on port 666","timestamp":"2024-11-21 22:58:52"}
{"level":"\u001b[32minfo\u001b[39m","message":"🕵️‍♂️ :: Configuration loaded","timestamp":"2024-11-21 23:02:12"}
{"level":"\u001b[32minfo\u001b[39m","message":"🚀 :: Server is running on port 666","timestamp":"2024-11-21 23:02:12"}
{"level":"\u001b[32minfo\u001b[39m","message":"🕵️‍♂️ :: Configuration loaded","timestamp":"2024-11-21 23:02:13"}
{"level":"\u001b[32minfo\u001b[39m","message":"🚀 :: Server is running on port 666","timestamp":"2024-11-21 23:02:13"}
{"level":"\u001b[32minfo\u001b[39m","message":"🕵️‍♂️ :: Configuration loaded","timestamp":"2024-11-21 23:09:20"}
{"level":"\u001b[32minfo\u001b[39m","message":"🚀 :: Server is running on port 666","timestamp":"2024-11-21 23:09:20"}
{"level":"\u001b[32minfo\u001b[39m","message":"🕵️‍♂️ :: Configuration loaded","timestamp":"2024-11-21 23:19:55"}
{"level":"\u001b[32minfo\u001b[39m","message":"🚀 :: Server is running on port 666","timestamp":"2024-11-21 23:19:55"}
{"level":"\u001b[32minfo\u001b[39m","message":"🕵️‍♂️ :: Configuration loaded","timestamp":"2024-11-21 23:19:56"}
{"level":"\u001b[32minfo\u001b[39m","message":"🚀 :: Server is running on port 666","timestamp":"2024-11-21 23:19:56"}
{"level":"\u001b[32minfo\u001b[39m","message":"🕵️‍♂️ :: Configuration loaded","timestamp":"2024-11-21 23:51:36"}
{"level":"\u001b[32minfo\u001b[39m","message":"🚀 :: Server is running on port 666","timestamp":"2024-11-21 23:51:36"}
{"level":"\u001b[32minfo\u001b[39m","message":"🕵️‍♂️ :: Configuration loaded","timestamp":"2024-11-21 23:51:37"}
{"level":"\u001b[32minfo\u001b[39m","message":"🚀 :: Server is running on port 666","timestamp":"2024-11-21 23:51:37"}
{"level":"\u001b[32minfo\u001b[39m","message":"🕵️‍♂️ :: Configuration loaded","timestamp":"2024-11-22 09:59:48"}
{"level":"\u001b[32minfo\u001b[39m","message":"🚀 :: Server is running on port 666","timestamp":"2024-11-22 09:59:52"}
{"level":"\u001b[32minfo\u001b[39m","message":"🕵️‍♂️ :: Configuration loaded","timestamp":"2024-11-22 10:00:36"}
{"level":"\u001b[32minfo\u001b[39m","message":"🚀 :: Server is running on port 666","timestamp":"2024-11-22 10:00:36"}
{"level":"\u001b[32minfo\u001b[39m","message":"🕵️‍♂️ :: Configuration loaded","timestamp":"2024-11-22 10:02:13"}
{"level":"\u001b[32minfo\u001b[39m","message":"🚀 :: Server is running on port 666","timestamp":"2024-11-22 10:02:13"}
{"level":"\u001b[32minfo\u001b[39m","message":"🕵️‍♂️ :: Configuration loaded","timestamp":"2024-11-22 13:48:55"}
{"level":"\u001b[32minfo\u001b[39m","message":"🚀 :: Server is running on port 666","timestamp":"2024-11-22 13:48:55"}
{"level":"\u001b[32minfo\u001b[39m","message":"🕵️‍♂️ :: Configuration loaded","timestamp":"2024-11-22 15:10:27"}
{"level":"\u001b[32minfo\u001b[39m","message":"🚀 :: Server is running on port 666","timestamp":"2024-11-22 15:10:31"}
{"level":"\u001b[32minfo\u001b[39m","message":"🕵️‍♂️ :: Configuration loaded","timestamp":"2024-11-24 11:50:40"}
{"level":"\u001b[32minfo\u001b[39m","message":"🚀 :: Server is running on port 666","timestamp":"2024-11-24 11:50:44"}
{"level":"\u001b[32minfo\u001b[39m","message":"🕵️‍♂️ :: Configuration loaded","timestamp":"2024-11-25 17:04:26"}
{"level":"\u001b[32minfo\u001b[39m","message":"🚀 :: Server is running on port 666","timestamp":"2024-11-25 17:04:31"}
{"level":"\u001b[32minfo\u001b[39m","message":"🕵️‍♂️ :: Configuration loaded","timestamp":"2024-11-25 17:37:39"}
{"level":"\u001b[32minfo\u001b[39m","message":"🚀 :: Server is running on port 666","timestamp":"2024-11-25 17:37:47"}
{"level":"\u001b[32minfo\u001b[39m","message":"🕵️‍♂️ :: Configuration loaded","timestamp":"2024-11-25 17:38:40"}
{"level":"\u001b[32minfo\u001b[39m","message":"🚀 :: Server is running on port 666","timestamp":"2024-11-25 17:38:40"}
{"error":{"name":"ReferenceError"},"level":"\u001b[31merror\u001b[39m","message":"Error in GCP session","timestamp":"2024-11-25 17:38:49"}
{"hasAddToCartEvent":false,"hasCheckoutEvent":false,"level":"\u001b[32minfo\u001b[39m","message":"Analytics Test Results:","timestamp":"2024-11-25 17:38:49","totalEvents":0}
{"error":{"name":"ReferenceError"},"level":"\u001b[31merror\u001b[39m","message":"Error in GCP session","timestamp":"2024-11-25 17:38:49"}
{"completedSteps":0,"errors":"__name is not defined","level":"\u001b[32minfo\u001b[39m","message":"User Journey Results:","screenshotsTaken":0,"timestamp":"2024-11-25 17:38:49"}
{"error":{"name":"ReferenceError"},"level":"\u001b[31merror\u001b[39m","message":"Error in GCP session","timestamp":"2024-11-25 17:38:49"}
{"errors":"__name is not defined","failedRequests":0,"level":"\u001b[32minfo\u001b[39m","message":"Performance Test Results:","timestamp":"2024-11-25 17:38:49","totalRequests":0}
{"error":{"name":"ReferenceError"},"level":"\u001b[31merror\u001b[39m","message":"Error in GCP session","timestamp":"2024-11-25 17:38:49"}
{"errors":"__name is not defined","level":"\u001b[32minfo\u001b[39m","message":"Documentation Screenshots - #getting-started:","screenshotsTaken":0,"timestamp":"2024-11-25 17:38:49"}
{"error":{"name":"ReferenceError"},"level":"\u001b[31merror\u001b[39m","message":"Error in GCP session","timestamp":"2024-11-25 17:38:49"}
{"errors":"__name is not defined","level":"\u001b[32minfo\u001b[39m","message":"Documentation Screenshots - #installation:","screenshotsTaken":0,"timestamp":"2024-11-25 17:38:49"}
{"error":{"name":"ReferenceError"},"level":"\u001b[31merror\u001b[39m","message":"Error in GCP session","timestamp":"2024-11-25 17:38:49"}
{"errors":"__name is not defined","level":"\u001b[32minfo\u001b[39m","message":"Documentation Screenshots - #configuration:","screenshotsTaken":0,"timestamp":"2024-11-25 17:38:49"}
{"error":{"name":"ReferenceError"},"level":"\u001b[31merror\u001b[39m","message":"Error in GCP session","timestamp":"2024-11-25 17:38:50"}
{"errors":"__name is not defined","level":"\u001b[32minfo\u001b[39m","message":"Documentation Screenshots - #api-reference:","screenshotsTaken":0,"timestamp":"2024-11-25 17:38:50"}
{"error":{"name":"ReferenceError"},"level":"\u001b[31merror\u001b[39m","message":"Error in GCP session","timestamp":"2024-11-25 17:38:50"}
{"errors":"__name is not defined","level":"\u001b[32minfo\u001b[39m","message":"API Integration Test - /users:","networkCalls":0,"responseEvents":[],"timestamp":"2024-11-25 17:38:50"}
{"error":{"name":"ReferenceError"},"level":"\u001b[31merror\u001b[39m","message":"Error in GCP session","timestamp":"2024-11-25 17:38:50"}
{"errors":"__name is not defined","level":"\u001b[32minfo\u001b[39m","message":"API Integration Test - /products:","networkCalls":0,"responseEvents":[],"timestamp":"2024-11-25 17:38:50"}
{"error":{"name":"ReferenceError"},"level":"\u001b[31merror\u001b[39m","message":"Error in GCP session","timestamp":"2024-11-25 17:38:50"}
{"errors":"__name is not defined","level":"\u001b[32minfo\u001b[39m","message":"API Integration Test - /orders:","networkCalls":0,"responseEvents":[],"timestamp":"2024-11-25 17:38:50"}
{"error":{"name":"ReferenceError"},"level":"\u001b[31merror\u001b[39m","message":"Error in GCP session","timestamp":"2024-11-25 17:38:50"}
{"errors":"__name is not defined","level":"\u001b[32minfo\u001b[39m","message":"Cross-browser Test - 1920x1080:","screenshotsTaken":0,"timestamp":"2024-11-25 17:38:50","visibleButtons":0}
{"error":{"name":"ReferenceError"},"level":"\u001b[31merror\u001b[39m","message":"Error in GCP session","timestamp":"2024-11-25 17:38:50"}
{"errors":"__name is not defined","level":"\u001b[32minfo\u001b[39m","message":"Cross-browser Test - 768x1024:","screenshotsTaken":0,"timestamp":"2024-11-25 17:38:50","visibleButtons":0}
{"error":{"name":"ReferenceError"},"level":"\u001b[31merror\u001b[39m","message":"Error in GCP session","timestamp":"2024-11-25 17:38:50"}
{"errors":"__name is not defined","level":"\u001b[32minfo\u001b[39m","message":"Cross-browser Test - 375x812:","screenshotsTaken":0,"timestamp":"2024-11-25 17:38:50","visibleButtons":0}
{"error":{"name":"ReferenceError"},"level":"\u001b[31merror\u001b[39m","message":"Error in GCP session","timestamp":"2024-11-25 17:38:50"}
{"errors":"__name is not defined","h1Tags":[],"level":"\u001b[32minfo\u001b[39m","message":"SEO Test - /:","timestamp":"2024-11-25 17:38:50"}
{"error":{"name":"ReferenceError"},"level":"\u001b[31merror\u001b[39m","message":"Error in GCP session","timestamp":"2024-11-25 17:38:50"}
{"errors":"__name is not defined","h1Tags":[],"level":"\u001b[32minfo\u001b[39m","message":"SEO Test - /about:","timestamp":"2024-11-25 17:38:50"}
{"error":{"name":"ReferenceError"},"level":"\u001b[31merror\u001b[39m","message":"Error in GCP session","timestamp":"2024-11-25 17:38:50"}
{"errors":"__name is not defined","h1Tags":[],"level":"\u001b[32minfo\u001b[39m","message":"SEO Test - /products:","timestamp":"2024-11-25 17:38:50"}
{"error":{"name":"ReferenceError"},"level":"\u001b[31merror\u001b[39m","message":"Error in GCP session","timestamp":"2024-11-25 17:38:50"}
{"errors":"__name is not defined","h1Tags":[],"level":"\u001b[32minfo\u001b[39m","message":"SEO Test - /contact:","timestamp":"2024-11-25 17:38:50"}
{"error":{"name":"ReferenceError"},"level":"\u001b[31merror\u001b[39m","message":"Error in GCP session","timestamp":"2024-11-25 17:38:50"}
{"error":{"name":"ReferenceError"},"level":"\u001b[31merror\u001b[39m","message":"Error in GCP session","timestamp":"2024-11-25 17:38:50"}
{"error":{"name":"ReferenceError"},"level":"\u001b[31merror\u001b[39m","message":"Error in GCP session","timestamp":"2024-11-25 17:38:50"}
{"error":{"name":"ReferenceError"},"level":"\u001b[31merror\u001b[39m","message":"Error in GCP session","timestamp":"2024-11-25 17:38:50"}
{"error":{"name":"ReferenceError"},"level":"\u001b[31merror\u001b[39m","message":"Error in GCP session","timestamp":"2024-11-25 17:38:50"}
{"error":{"name":"ReferenceError"},"level":"\u001b[31merror\u001b[39m","message":"Error in GCP session","timestamp":"2024-11-25 17:38:51"}
{"error":{"name":"ReferenceError"},"level":"\u001b[31merror\u001b[39m","message":"Error in GCP session","timestamp":"2024-11-25 17:38:51"}
{"error":{"name":"ReferenceError"},"level":"\u001b[31merror\u001b[39m","message":"Error in GCP session","timestamp":"2024-11-25 17:38:51"}
{"error":{"name":"ReferenceError"},"level":"\u001b[31merror\u001b[39m","message":"Error in GCP session","timestamp":"2024-11-25 17:38:51"}
{"error":{"name":"ReferenceError"},"level":"\u001b[31merror\u001b[39m","message":"Error in GCP session","timestamp":"2024-11-25 17:38:51"}
{"error":{"name":"ReferenceError"},"level":"\u001b[31merror\u001b[39m","message":"Error in GCP session","timestamp":"2024-11-25 17:38:51"}
{"error":{"name":"ReferenceError"},"level":"\u001b[31merror\u001b[39m","message":"Error in GCP session","timestamp":"2024-11-25 17:38:51"}
{"error":{"name":"ReferenceError"},"level":"\u001b[31merror\u001b[39m","message":"Error in GCP session","timestamp":"2024-11-25 17:38:51"}
{"error":{"name":"ReferenceError"},"level":"\u001b[31merror\u001b[39m","message":"Error in GCP session","timestamp":"2024-11-25 17:38:51"}
{"error":{"name":"ReferenceError"},"level":"\u001b[31merror\u001b[39m","message":"Error in GCP session","timestamp":"2024-11-25 17:38:51"}
{"error":{"name":"ReferenceError"},"level":"\u001b[31merror\u001b[39m","message":"Error in GCP session","timestamp":"2024-11-25 17:38:51"}
{"error":{"name":"ReferenceError"},"level":"\u001b[31merror\u001b[39m","message":"Error in GCP session","timestamp":"2024-11-25 17:38:51"}
{"error":{"name":"ReferenceError"},"level":"\u001b[31merror\u001b[39m","message":"Error in GCP session","timestamp":"2024-11-25 17:38:51"}
{"error":{"name":"ReferenceError"},"level":"\u001b[31merror\u001b[39m","message":"Error in GCP session","timestamp":"2024-11-25 17:38:51"}
{"error":{"name":"ReferenceError"},"level":"\u001b[31merror\u001b[39m","message":"Error in GCP session","timestamp":"2024-11-25 17:38:51"}
{"error":{"name":"ReferenceError"},"level":"\u001b[31merror\u001b[39m","message":"Error in GCP session","timestamp":"2024-11-25 17:38:51"}
{"error":{"name":"ReferenceError"},"level":"\u001b[31merror\u001b[39m","message":"Error in GCP session","timestamp":"2024-11-25 17:38:51"}
{"error":{"name":"ReferenceError"},"level":"\u001b[31merror\u001b[39m","message":"Error in GCP session","timestamp":"2024-11-25 17:38:51"}
{"error":{"name":"ReferenceError"},"level":"\u001b[31merror\u001b[39m","message":"Error in GCP session","timestamp":"2024-11-25 17:38:51"}
{"error":{"name":"ReferenceError"},"level":"\u001b[31merror\u001b[39m","message":"Error in GCP session","timestamp":"2024-11-25 17:38:51"}
{"error":{"name":"ReferenceError"},"level":"\u001b[31merror\u001b[39m","message":"Error in GCP session","timestamp":"2024-11-25 17:38:51"}
{"error":{"name":"ReferenceError"},"level":"\u001b[31merror\u001b[39m","message":"Error in GCP session","timestamp":"2024-11-25 17:38:51"}
{"error":{"name":"ReferenceError"},"level":"\u001b[31merror\u001b[39m","message":"Error in GCP session","timestamp":"2024-11-25 17:38:51"}
{"error":{"name":"ReferenceError"},"level":"\u001b[31merror\u001b[39m","message":"Error in GCP session","timestamp":"2024-11-25 17:38:51"}
{"error":{"name":"ReferenceError"},"level":"\u001b[31merror\u001b[39m","message":"Error in GCP session","timestamp":"2024-11-25 17:38:51"}
{"error":{"name":"ReferenceError"},"level":"\u001b[31merror\u001b[39m","message":"Error in GCP session","timestamp":"2024-11-25 17:38:52"}
{"error":{"name":"ReferenceError"},"level":"\u001b[31merror\u001b[39m","message":"Error in GCP session","timestamp":"2024-11-25 17:38:52"}
{"error":{"name":"ReferenceError"},"level":"\u001b[31merror\u001b[39m","message":"Error in GCP session","timestamp":"2024-11-25 17:38:52"}
{"error":{"name":"ReferenceError"},"level":"\u001b[31merror\u001b[39m","message":"Error in GCP session","timestamp":"2024-11-25 17:38:52"}
{"error":{"name":"ReferenceError"},"level":"\u001b[31merror\u001b[39m","message":"Error in GCP session","timestamp":"2024-11-25 17:38:52"}
{"error":{"name":"ReferenceError"},"level":"\u001b[31merror\u001b[39m","message":"Error in GCP session","timestamp":"2024-11-25 17:38:52"}
{"error":{"name":"ReferenceError"},"level":"\u001b[31merror\u001b[39m","message":"Error in GCP session","timestamp":"2024-11-25 17:38:52"}
{"error":{"name":"ReferenceError"},"level":"\u001b[31merror\u001b[39m","message":"Error in GCP session","timestamp":"2024-11-25 17:38:52"}
{"error":{"name":"ReferenceError"},"level":"\u001b[31merror\u001b[39m","message":"Error in GCP session","timestamp":"2024-11-25 17:38:52"}
{"error":{"name":"ReferenceError"},"level":"\u001b[31merror\u001b[39m","message":"Error in GCP session","timestamp":"2024-11-25 17:38:52"}
{"error":{"name":"ReferenceError"},"level":"\u001b[31merror\u001b[39m","message":"Error in GCP session","timestamp":"2024-11-25 17:38:52"}
{"error":{"name":"ReferenceError"},"level":"\u001b[31merror\u001b[39m","message":"Error in GCP session","timestamp":"2024-11-25 17:38:52"}
{"error":{"name":"ReferenceError"},"level":"\u001b[31merror\u001b[39m","message":"Error in GCP session","timestamp":"2024-11-25 17:38:52"}
{"error":{"name":"ReferenceError"},"level":"\u001b[31merror\u001b[39m","message":"Error in GCP session","timestamp":"2024-11-25 17:38:52"}
{"error":{"name":"ReferenceError"},"level":"\u001b[31merror\u001b[39m","message":"Error in GCP session","timestamp":"2024-11-25 17:38:52"}
{"error":{"name":"ReferenceError"},"level":"\u001b[31merror\u001b[39m","message":"Error in GCP session","timestamp":"2024-11-25 17:38:52"}
{"error":{"name":"ReferenceError"},"level":"\u001b[31merror\u001b[39m","message":"Error in GCP session","timestamp":"2024-11-25 17:38:52"}
{"error":{"name":"ReferenceError"},"level":"\u001b[31merror\u001b[39m","message":"Error in GCP session","timestamp":"2024-11-25 17:38:52"}
{"error":{"name":"ReferenceError"},"level":"\u001b[31merror\u001b[39m","message":"Error in GCP session","timestamp":"2024-11-25 17:38:52"}
{"error":{"name":"ReferenceError"},"level":"\u001b[31merror\u001b[39m","message":"Error in GCP session","timestamp":"2024-11-25 17:38:52"}
{"error":{"name":"ReferenceError"},"level":"\u001b[31merror\u001b[39m","message":"Error in GCP session","timestamp":"2024-11-25 17:38:53"}
{"error":{"name":"ReferenceError"},"level":"\u001b[31merror\u001b[39m","message":"Error in GCP session","timestamp":"2024-11-25 17:38:53"}
{"error":{"name":"ReferenceError"},"level":"\u001b[31merror\u001b[39m","message":"Error in GCP session","timestamp":"2024-11-25 17:38:53"}
{"error":{"name":"ReferenceError"},"level":"\u001b[31merror\u001b[39m","message":"Error in GCP session","timestamp":"2024-11-25 17:38:53"}
{"error":{"name":"ReferenceError"},"level":"\u001b[31merror\u001b[39m","message":"Error in GCP session","timestamp":"2024-11-25 17:38:53"}
{"error":{"name":"ReferenceError"},"level":"\u001b[31merror\u001b[39m","message":"Error in GCP session","timestamp":"2024-11-25 17:38:53"}
{"error":{"name":"ReferenceError"},"level":"\u001b[31merror\u001b[39m","message":"Error in GCP session","timestamp":"2024-11-25 17:38:53"}
{"error":{"name":"ReferenceError"},"level":"\u001b[31merror\u001b[39m","message":"Error in GCP session","timestamp":"2024-11-25 17:38:53"}
{"error":{"name":"ReferenceError"},"level":"\u001b[31merror\u001b[39m","message":"Error in GCP session","timestamp":"2024-11-25 17:38:53"}
{"error":{"name":"ReferenceError"},"level":"\u001b[31merror\u001b[39m","message":"Error in GCP session","timestamp":"2024-11-25 17:38:53"}
{"error":{"name":"ReferenceError"},"level":"\u001b[31merror\u001b[39m","message":"Error in GCP session","timestamp":"2024-11-25 17:38:53"}
{"error":{"name":"ReferenceError"},"level":"\u001b[31merror\u001b[39m","message":"Error in GCP session","timestamp":"2024-11-25 17:38:53"}
{"error":{"name":"ReferenceError"},"level":"\u001b[31merror\u001b[39m","message":"Error in GCP session","timestamp":"2024-11-25 17:38:53"}
{"error":{"name":"ReferenceError"},"level":"\u001b[31merror\u001b[39m","message":"Error in GCP session","timestamp":"2024-11-25 17:38:53"}
{"error":{"name":"ReferenceError"},"level":"\u001b[31merror\u001b[39m","message":"Error in GCP session","timestamp":"2024-11-25 17:38:53"}
{"error":{"name":"ReferenceError"},"level":"\u001b[31merror\u001b[39m","message":"Error in GCP session","timestamp":"2024-11-25 17:38:53"}
{"error":{"name":"ReferenceError"},"level":"\u001b[31merror\u001b[39m","message":"Error in GCP session","timestamp":"2024-11-25 17:38:53"}
{"error":{"name":"ReferenceError"},"level":"\u001b[31merror\u001b[39m","message":"Error in GCP session","timestamp":"2024-11-25 17:38:53"}
{"error":{"name":"ReferenceError"},"level":"\u001b[31merror\u001b[39m","message":"Error in GCP session","timestamp":"2024-11-25 17:38:53"}
{"error":{"name":"ReferenceError"},"level":"\u001b[31merror\u001b[39m","message":"Error in GCP session","timestamp":"2024-11-25 17:38:53"}
{"error":{"name":"ReferenceError"},"level":"\u001b[31merror\u001b[39m","message":"Error in GCP session","timestamp":"2024-11-25 17:38:53"}
{"error":{"name":"ReferenceError"},"level":"\u001b[31merror\u001b[39m","message":"Error in GCP session","timestamp":"2024-11-25 17:38:53"}
{"error":{"name":"ReferenceError"},"level":"\u001b[31merror\u001b[39m","message":"Error in GCP session","timestamp":"2024-11-25 17:38:53"}
{"error":{"name":"ReferenceError"},"level":"\u001b[31merror\u001b[39m","message":"Error in GCP session","timestamp":"2024-11-25 17:38:53"}
{"error":{"name":"ReferenceError"},"level":"\u001b[31merror\u001b[39m","message":"Error in GCP session","timestamp":"2024-11-25 17:38:53"}
{"error":{"name":"ReferenceError"},"level":"\u001b[31merror\u001b[39m","message":"Error in GCP session","timestamp":"2024-11-25 17:38:53"}
{"error":{"name":"ReferenceError"},"level":"\u001b[31merror\u001b[39m","message":"Error in GCP session","timestamp":"2024-11-25 17:38:53"}
{"error":{"name":"ReferenceError"},"level":"\u001b[31merror\u001b[39m","message":"Error in GCP session","timestamp":"2024-11-25 17:38:53"}
{"error":{"name":"ReferenceError"},"level":"\u001b[31merror\u001b[39m","message":"Error in GCP session","timestamp":"2024-11-25 17:38:53"}
{"error":{"name":"ReferenceError"},"level":"\u001b[31merror\u001b[39m","message":"Error in GCP session","timestamp":"2024-11-25 17:38:53"}
{"error":{"name":"ReferenceError"},"level":"\u001b[31merror\u001b[39m","message":"Error in GCP session","timestamp":"2024-11-25 17:38:54"}
{"error":{"name":"ReferenceError"},"level":"\u001b[31merror\u001b[39m","message":"Error in GCP session","timestamp":"2024-11-25 17:38:54"}
{"error":{"name":"ReferenceError"},"level":"\u001b[31merror\u001b[39m","message":"Error in GCP session","timestamp":"2024-11-25 17:38:54"}
{"error":{"name":"ReferenceError"},"level":"\u001b[31merror\u001b[39m","message":"Error in GCP session","timestamp":"2024-11-25 17:38:54"}
{"error":{"name":"ReferenceError"},"level":"\u001b[31merror\u001b[39m","message":"Error in GCP session","timestamp":"2024-11-25 17:38:54"}
{"error":{"name":"ReferenceError"},"level":"\u001b[31merror\u001b[39m","message":"Error in GCP session","timestamp":"2024-11-25 17:38:54"}
{"error":{"name":"ReferenceError"},"level":"\u001b[31merror\u001b[39m","message":"Error in GCP session","timestamp":"2024-11-25 17:38:54"}
{"error":{"name":"ReferenceError"},"level":"\u001b[31merror\u001b[39m","message":"Error in GCP session","timestamp":"2024-11-25 17:38:54"}
{"error":{"name":"ReferenceError"},"level":"\u001b[31merror\u001b[39m","message":"Error in GCP session","timestamp":"2024-11-25 17:38:54"}
{"error":{"name":"ReferenceError"},"level":"\u001b[31merror\u001b[39m","message":"Error in GCP session","timestamp":"2024-11-25 17:38:54"}
{"error":{"name":"ReferenceError"},"level":"\u001b[31merror\u001b[39m","message":"Error in GCP session","timestamp":"2024-11-25 17:38:54"}
{"error":{"name":"ReferenceError"},"level":"\u001b[31merror\u001b[39m","message":"Error in GCP session","timestamp":"2024-11-25 17:38:54"}
{"error":{"name":"ReferenceError"},"level":"\u001b[31merror\u001b[39m","message":"Error in GCP session","timestamp":"2024-11-25 17:38:54"}
{"error":{"name":"ReferenceError"},"level":"\u001b[31merror\u001b[39m","message":"Error in GCP session","timestamp":"2024-11-25 17:38:54"}
{"error":{"name":"ReferenceError"},"level":"\u001b[31merror\u001b[39m","message":"Error in GCP session","timestamp":"2024-11-25 17:38:54"}
{"error":{"name":"ReferenceError"},"level":"\u001b[31merror\u001b[39m","message":"Error in GCP session","timestamp":"2024-11-25 17:38:54"}
{"error":{"name":"ReferenceError"},"level":"\u001b[31merror\u001b[39m","message":"Error in GCP session","timestamp":"2024-11-25 17:38:54"}
{"error":{"name":"ReferenceError"},"level":"\u001b[31merror\u001b[39m","message":"Error in GCP session","timestamp":"2024-11-25 17:38:54"}
{"error":{"name":"ReferenceError"},"level":"\u001b[31merror\u001b[39m","message":"Error in GCP session","timestamp":"2024-11-25 17:38:54"}
{"error":{"name":"ReferenceError"},"level":"\u001b[31merror\u001b[39m","message":"Error in GCP session","timestamp":"2024-11-25 17:38:54"}
{"error":{"name":"ReferenceError"},"level":"\u001b[31merror\u001b[39m","message":"Error in GCP session","timestamp":"2024-11-25 17:38:54"}
{"error":{"name":"ReferenceError"},"level":"\u001b[31merror\u001b[39m","message":"Error in GCP session","timestamp":"2024-11-25 17:38:54"}
{"error":{"name":"ReferenceError"},"level":"\u001b[31merror\u001b[39m","message":"Error in GCP session","timestamp":"2024-11-25 17:38:54"}
{"error":{"name":"ReferenceError"},"level":"\u001b[31merror\u001b[39m","message":"Error in GCP session","timestamp":"2024-11-25 17:38:54"}
{"error":{"name":"ReferenceError"},"level":"\u001b[31merror\u001b[39m","message":"Error in GCP session","timestamp":"2024-11-25 17:38:54"}
{"error":{"name":"ReferenceError"},"level":"\u001b[31merror\u001b[39m","message":"Error in GCP session","timestamp":"2024-11-25 17:38:54"}
{"error":{"name":"ReferenceError"},"level":"\u001b[31merror\u001b[39m","message":"Error in GCP session","timestamp":"2024-11-25 17:38:54"}
{"error":{"name":"ReferenceError"},"level":"\u001b[31merror\u001b[39m","message":"Error in GCP session","timestamp":"2024-11-25 17:38:54"}
{"error":{"name":"ReferenceError"},"level":"\u001b[31merror\u001b[39m","message":"Error in GCP session","timestamp":"2024-11-25 17:38:54"}
{"error":{"name":"ReferenceError"},"level":"\u001b[31merror\u001b[39m","message":"Error in GCP session","timestamp":"2024-11-25 17:38:54"}
{"error":{"name":"ReferenceError"},"level":"\u001b[31merror\u001b[39m","message":"Error in GCP session","timestamp":"2024-11-25 17:38:55"}
{"error":{"name":"ReferenceError"},"level":"\u001b[31merror\u001b[39m","message":"Error in GCP session","timestamp":"2024-11-25 17:38:55"}
{"error":{"name":"ReferenceError"},"level":"\u001b[31merror\u001b[39m","message":"Error in GCP session","timestamp":"2024-11-25 17:38:55"}
{"error":{"name":"ReferenceError"},"level":"\u001b[31merror\u001b[39m","message":"Error in GCP session","timestamp":"2024-11-25 17:38:55"}
{"error":{"name":"ReferenceError"},"level":"\u001b[31merror\u001b[39m","message":"Error in GCP session","timestamp":"2024-11-25 17:38:55"}
{"error":{"name":"ReferenceError"},"level":"\u001b[31merror\u001b[39m","message":"Error in GCP session","timestamp":"2024-11-25 17:38:55"}
{"error":{"name":"ReferenceError"},"level":"\u001b[31merror\u001b[39m","message":"Error in GCP session","timestamp":"2024-11-25 17:38:55"}
{"error":{"name":"ReferenceError"},"level":"\u001b[31merror\u001b[39m","message":"Error in GCP session","timestamp":"2024-11-25 17:38:55"}
{"error":{"name":"ReferenceError"},"level":"\u001b[31merror\u001b[39m","message":"Error in GCP session","timestamp":"2024-11-25 17:38:55"}
{"error":{"name":"ReferenceError"},"level":"\u001b[31merror\u001b[39m","message":"Error in GCP session","timestamp":"2024-11-25 17:38:55"}
{"error":{"name":"ReferenceError"},"level":"\u001b[31merror\u001b[39m","message":"Error in GCP session","timestamp":"2024-11-25 17:38:55"}
{"error":{"name":"ReferenceError"},"level":"\u001b[31merror\u001b[39m","message":"Error in GCP session","timestamp":"2024-11-25 17:38:55"}
{"error":{"name":"ReferenceError"},"level":"\u001b[31merror\u001b[39m","message":"Error in GCP session","timestamp":"2024-11-25 17:38:55"}
{"error":{"name":"ReferenceError"},"level":"\u001b[31merror\u001b[39m","message":"Error in GCP session","timestamp":"2024-11-25 17:38:55"}
{"error":{"name":"ReferenceError"},"level":"\u001b[31merror\u001b[39m","message":"Error in GCP session","timestamp":"2024-11-25 17:38:55"}
{"error":{"name":"ReferenceError"},"level":"\u001b[31merror\u001b[39m","message":"Error in GCP session","timestamp":"2024-11-25 17:38:55"}
{"error":{"name":"ReferenceError"},"level":"\u001b[31merror\u001b[39m","message":"Error in GCP session","timestamp":"2024-11-25 17:38:55"}
{"error":{"name":"ReferenceError"},"level":"\u001b[31merror\u001b[39m","message":"Error in GCP session","timestamp":"2024-11-25 17:38:55"}
{"error":{"name":"ReferenceError"},"level":"\u001b[31merror\u001b[39m","message":"Error in GCP session","timestamp":"2024-11-25 17:38:55"}
{"error":{"name":"ReferenceError"},"level":"\u001b[31merror\u001b[39m","message":"Error in GCP session","timestamp":"2024-11-25 17:38:55"}
{"error":{"name":"ReferenceError"},"level":"\u001b[31merror\u001b[39m","message":"Error in GCP session","timestamp":"2024-11-25 17:38:55"}
{"error":{"name":"ReferenceError"},"level":"\u001b[31merror\u001b[39m","message":"Error in GCP session","timestamp":"2024-11-25 17:38:55"}
{"error":{"name":"ReferenceError"},"level":"\u001b[31merror\u001b[39m","message":"Error in GCP session","timestamp":"2024-11-25 17:38:55"}
{"error":{"name":"ReferenceError"},"level":"\u001b[31merror\u001b[39m","message":"Error in GCP session","timestamp":"2024-11-25 17:38:55"}
{"error":{"name":"ReferenceError"},"level":"\u001b[31merror\u001b[39m","message":"Error in GCP session","timestamp":"2024-11-25 17:38:55"}
{"error":{"name":"ReferenceError"},"level":"\u001b[31merror\u001b[39m","message":"Error in GCP session","timestamp":"2024-11-25 17:38:55"}
{"error":{"name":"ReferenceError"},"level":"\u001b[31merror\u001b[39m","message":"Error in GCP session","timestamp":"2024-11-25 17:38:55"}
{"error":{"name":"ReferenceError"},"level":"\u001b[31merror\u001b[39m","message":"Error in GCP session","timestamp":"2024-11-25 17:38:55"}
{"error":{"name":"ReferenceError"},"level":"\u001b[31merror\u001b[39m","message":"Error in GCP session","timestamp":"2024-11-25 17:38:55"}
{"error":{"name":"ReferenceError"},"level":"\u001b[31merror\u001b[39m","message":"Error in GCP session","timestamp":"2024-11-25 17:38:55"}
{"error":{"name":"ReferenceError"},"level":"\u001b[31merror\u001b[39m","message":"Error in GCP session","timestamp":"2024-11-25 17:38:56"}
{"error":{"name":"ReferenceError"},"level":"\u001b[31merror\u001b[39m","message":"Error in GCP session","timestamp":"2024-11-25 17:38:56"}
{"error":{"name":"ReferenceError"},"level":"\u001b[31merror\u001b[39m","message":"Error in GCP session","timestamp":"2024-11-25 17:38:56"}
{"error":{"name":"ReferenceError"},"level":"\u001b[31merror\u001b[39m","message":"Error in GCP session","timestamp":"2024-11-25 17:38:56"}
{"error":{"name":"ReferenceError"},"level":"\u001b[31merror\u001b[39m","message":"Error in GCP session","timestamp":"2024-11-25 17:38:56"}
{"error":{"name":"ReferenceError"},"level":"\u001b[31merror\u001b[39m","message":"Error in GCP session","timestamp":"2024-11-25 17:38:56"}
{"error":{"name":"ReferenceError"},"level":"\u001b[31merror\u001b[39m","message":"Error in GCP session","timestamp":"2024-11-25 17:38:56"}
{"error":{"name":"ReferenceError"},"level":"\u001b[31merror\u001b[39m","message":"Error in GCP session","timestamp":"2024-11-25 17:38:56"}
{"error":{"name":"ReferenceError"},"level":"\u001b[31merror\u001b[39m","message":"Error in GCP session","timestamp":"2024-11-25 17:38:56"}
{"error":{"name":"ReferenceError"},"level":"\u001b[31merror\u001b[39m","message":"Error in GCP session","timestamp":"2024-11-25 17:38:56"}
{"error":{"name":"ReferenceError"},"level":"\u001b[31merror\u001b[39m","message":"Error in GCP session","timestamp":"2024-11-25 17:38:56"}
{"error":{"name":"ReferenceError"},"level":"\u001b[31merror\u001b[39m","message":"Error in GCP session","timestamp":"2024-11-25 17:38:56"}
{"error":{"name":"ReferenceError"},"level":"\u001b[31merror\u001b[39m","message":"Error in GCP session","timestamp":"2024-11-25 17:38:56"}
{"error":{"name":"ReferenceError"},"level":"\u001b[31merror\u001b[39m","message":"Error in GCP session","timestamp":"2024-11-25 17:38:56"}
{"error":{"name":"ReferenceError"},"level":"\u001b[31merror\u001b[39m","message":"Error in GCP session","timestamp":"2024-11-25 17:38:56"}
{"error":{"name":"ReferenceError"},"level":"\u001b[31merror\u001b[39m","message":"Error in GCP session","timestamp":"2024-11-25 17:38:56"}
{"error":{"name":"ReferenceError"},"level":"\u001b[31merror\u001b[39m","message":"Error in GCP session","timestamp":"2024-11-25 17:38:56"}
{"error":{"name":"ReferenceError"},"level":"\u001b[31merror\u001b[39m","message":"Error in GCP session","timestamp":"2024-11-25 17:38:56"}
{"error":{"name":"ReferenceError"},"level":"\u001b[31merror\u001b[39m","message":"Error in GCP session","timestamp":"2024-11-25 17:38:56"}
{"error":{"name":"ReferenceError"},"level":"\u001b[31merror\u001b[39m","message":"Error in GCP session","timestamp":"2024-11-25 17:38:56"}
{"error":{"name":"ReferenceError"},"level":"\u001b[31merror\u001b[39m","message":"Error in GCP session","timestamp":"2024-11-25 17:38:56"}
{"error":{"name":"ReferenceError"},"level":"\u001b[31merror\u001b[39m","message":"Error in GCP session","timestamp":"2024-11-25 17:38:56"}
{"error":{"name":"ReferenceError"},"level":"\u001b[31merror\u001b[39m","message":"Error in GCP session","timestamp":"2024-11-25 17:38:56"}
{"error":{"name":"ReferenceError"},"level":"\u001b[31merror\u001b[39m","message":"Error in GCP session","timestamp":"2024-11-25 17:38:56"}
{"error":{"name":"ReferenceError"},"level":"\u001b[31merror\u001b[39m","message":"Error in GCP session","timestamp":"2024-11-25 17:38:56"}
{"error":{"name":"ReferenceError"},"level":"\u001b[31merror\u001b[39m","message":"Error in GCP session","timestamp":"2024-11-25 17:38:56"}
{"error":{"name":"ReferenceError"},"level":"\u001b[31merror\u001b[39m","message":"Error in GCP session","timestamp":"2024-11-25 17:38:56"}
{"error":{"name":"ReferenceError"},"level":"\u001b[31merror\u001b[39m","message":"Error in GCP session","timestamp":"2024-11-25 17:38:56"}
{"error":{"name":"ReferenceError"},"level":"\u001b[31merror\u001b[39m","message":"Error in GCP session","timestamp":"2024-11-25 17:38:56"}
{"error":{"name":"ReferenceError"},"level":"\u001b[31merror\u001b[39m","message":"Error in GCP session","timestamp":"2024-11-25 17:38:56"}
{"error":{"name":"ReferenceError"},"level":"\u001b[31merror\u001b[39m","message":"Error in GCP session","timestamp":"2024-11-25 17:38:57"}
{"error":{"name":"ReferenceError"},"level":"\u001b[31merror\u001b[39m","message":"Error in GCP session","timestamp":"2024-11-25 17:38:57"}
{"error":{"name":"ReferenceError"},"level":"\u001b[31merror\u001b[39m","message":"Error in GCP session","timestamp":"2024-11-25 17:38:57"}
{"error":{"name":"ReferenceError"},"level":"\u001b[31merror\u001b[39m","message":"Error in GCP session","timestamp":"2024-11-25 17:38:57"}
{"error":{"name":"ReferenceError"},"level":"\u001b[31merror\u001b[39m","message":"Error in GCP session","timestamp":"2024-11-25 17:38:57"}
{"error":{"name":"ReferenceError"},"level":"\u001b[31merror\u001b[39m","message":"Error in GCP session","timestamp":"2024-11-25 17:38:57"}
{"error":{"name":"ReferenceError"},"level":"\u001b[31merror\u001b[39m","message":"Error in GCP session","timestamp":"2024-11-25 17:38:57"}
{"error":{"name":"ReferenceError"},"level":"\u001b[31merror\u001b[39m","message":"Error in GCP session","timestamp":"2024-11-25 17:38:57"}
{"error":{"name":"ReferenceError"},"level":"\u001b[31merror\u001b[39m","message":"Error in GCP session","timestamp":"2024-11-25 17:38:57"}
{"error":{"name":"ReferenceError"},"level":"\u001b[31merror\u001b[39m","message":"Error in GCP session","timestamp":"2024-11-25 17:38:57"}
{"error":{"name":"ReferenceError"},"level":"\u001b[31merror\u001b[39m","message":"Error in GCP session","timestamp":"2024-11-25 17:38:57"}
{"error":{"name":"ReferenceError"},"level":"\u001b[31merror\u001b[39m","message":"Error in GCP session","timestamp":"2024-11-25 17:38:57"}
{"error":{"name":"ReferenceError"},"level":"\u001b[31merror\u001b[39m","message":"Error in GCP session","timestamp":"2024-11-25 17:38:57"}
{"error":{"name":"ReferenceError"},"level":"\u001b[31merror\u001b[39m","message":"Error in GCP session","timestamp":"2024-11-25 17:38:57"}
{"error":{"name":"ReferenceError"},"level":"\u001b[31merror\u001b[39m","message":"Error in GCP session","timestamp":"2024-11-25 17:38:57"}
{"error":{"name":"ReferenceError"},"level":"\u001b[31merror\u001b[39m","message":"Error in GCP session","timestamp":"2024-11-25 17:38:57"}
{"error":{"name":"ReferenceError"},"level":"\u001b[31merror\u001b[39m","message":"Error in GCP session","timestamp":"2024-11-25 17:38:57"}
{"error":{"name":"ReferenceError"},"level":"\u001b[31merror\u001b[39m","message":"Error in GCP session","timestamp":"2024-11-25 17:38:57"}
{"error":{"name":"ReferenceError"},"level":"\u001b[31merror\u001b[39m","message":"Error in GCP session","timestamp":"2024-11-25 17:38:57"}
{"error":{"name":"ReferenceError"},"level":"\u001b[31merror\u001b[39m","message":"Error in GCP session","timestamp":"2024-11-25 17:38:57"}
{"error":{"name":"ReferenceError"},"level":"\u001b[31merror\u001b[39m","message":"Error in GCP session","timestamp":"2024-11-25 17:38:57"}
{"error":{"name":"ReferenceError"},"level":"\u001b[31merror\u001b[39m","message":"Error in GCP session","timestamp":"2024-11-25 17:38:57"}
{"error":{"name":"ReferenceError"},"level":"\u001b[31merror\u001b[39m","message":"Error in GCP session","timestamp":"2024-11-25 17:38:57"}
{"error":{"name":"ReferenceError"},"level":"\u001b[31merror\u001b[39m","message":"Error in GCP session","timestamp":"2024-11-25 17:38:57"}
{"error":{"name":"ReferenceError"},"level":"\u001b[31merror\u001b[39m","message":"Error in GCP session","timestamp":"2024-11-25 17:38:57"}
{"error":{"name":"ReferenceError"},"level":"\u001b[31merror\u001b[39m","message":"Error in GCP session","timestamp":"2024-11-25 17:38:57"}
{"error":{"name":"ReferenceError"},"level":"\u001b[31merror\u001b[39m","message":"Error in GCP session","timestamp":"2024-11-25 17:38:57"}
{"error":{"name":"ReferenceError"},"level":"\u001b[31merror\u001b[39m","message":"Error in GCP session","timestamp":"2024-11-25 17:38:57"}
{"error":{"name":"ReferenceError"},"level":"\u001b[31merror\u001b[39m","message":"Error in GCP session","timestamp":"2024-11-25 17:38:57"}
{"error":{"name":"ReferenceError"},"level":"\u001b[31merror\u001b[39m","message":"Error in GCP session","timestamp":"2024-11-25 17:38:57"}
{"error":{"name":"ReferenceError"},"level":"\u001b[31merror\u001b[39m","message":"Error in GCP session","timestamp":"2024-11-25 17:38:58"}
{"error":{"name":"ReferenceError"},"level":"\u001b[31merror\u001b[39m","message":"Error in GCP session","timestamp":"2024-11-25 17:38:58"}
{"error":{"name":"ReferenceError"},"level":"\u001b[31merror\u001b[39m","message":"Error in GCP session","timestamp":"2024-11-25 17:38:58"}
{"error":{"name":"ReferenceError"},"level":"\u001b[31merror\u001b[39m","message":"Error in GCP session","timestamp":"2024-11-25 17:38:58"}
{"error":{"name":"ReferenceError"},"level":"\u001b[31merror\u001b[39m","message":"Error in GCP session","timestamp":"2024-11-25 17:38:58"}
{"error":{"name":"ReferenceError"},"level":"\u001b[31merror\u001b[39m","message":"Error in GCP session","timestamp":"2024-11-25 17:38:58"}
{"error":{"name":"ReferenceError"},"level":"\u001b[31merror\u001b[39m","message":"Error in GCP session","timestamp":"2024-11-25 17:38:58"}
{"error":{"name":"ReferenceError"},"level":"\u001b[31merror\u001b[39m","message":"Error in GCP session","timestamp":"2024-11-25 17:38:58"}
{"error":{"name":"ReferenceError"},"level":"\u001b[31merror\u001b[39m","message":"Error in GCP session","timestamp":"2024-11-25 17:38:58"}
{"error":{"name":"ReferenceError"},"level":"\u001b[31merror\u001b[39m","message":"Error in GCP session","timestamp":"2024-11-25 17:38:58"}
{"error":{"name":"ReferenceError"},"level":"\u001b[31merror\u001b[39m","message":"Error in GCP session","timestamp":"2024-11-25 17:38:58"}
{"error":{"name":"ReferenceError"},"level":"\u001b[31merror\u001b[39m","message":"Error in GCP session","timestamp":"2024-11-25 17:38:58"}
{"error":{"name":"ReferenceError"},"level":"\u001b[31merror\u001b[39m","message":"Error in GCP session","timestamp":"2024-11-25 17:38:58"}
{"error":{"name":"ReferenceError"},"level":"\u001b[31merror\u001b[39m","message":"Error in GCP session","timestamp":"2024-11-25 17:38:58"}
{"error":{"name":"ReferenceError"},"level":"\u001b[31merror\u001b[39m","message":"Error in GCP session","timestamp":"2024-11-25 17:38:58"}
{"error":{"name":"ReferenceError"},"level":"\u001b[31merror\u001b[39m","message":"Error in GCP session","timestamp":"2024-11-25 17:38:58"}
{"error":{"name":"ReferenceError"},"level":"\u001b[31merror\u001b[39m","message":"Error in GCP session","timestamp":"2024-11-25 17:38:58"}
{"error":{"name":"ReferenceError"},"level":"\u001b[31merror\u001b[39m","message":"Error in GCP session","timestamp":"2024-11-25 17:38:58"}
{"error":{"name":"ReferenceError"},"level":"\u001b[31merror\u001b[39m","message":"Error in GCP session","timestamp":"2024-11-25 17:38:58"}
{"error":{"name":"ReferenceError"},"level":"\u001b[31merror\u001b[39m","message":"Error in GCP session","timestamp":"2024-11-25 17:38:58"}
{"error":{"name":"ReferenceError"},"level":"\u001b[31merror\u001b[39m","message":"Error in GCP session","timestamp":"2024-11-25 17:38:58"}
{"error":{"name":"ReferenceError"},"level":"\u001b[31merror\u001b[39m","message":"Error in GCP session","timestamp":"2024-11-25 17:38:58"}
{"error":{"name":"ReferenceError"},"level":"\u001b[31merror\u001b[39m","message":"Error in GCP session","timestamp":"2024-11-25 17:38:58"}
{"error":{"name":"ReferenceError"},"level":"\u001b[31merror\u001b[39m","message":"Error in GCP session","timestamp":"2024-11-25 17:38:58"}
{"error":{"name":"ReferenceError"},"level":"\u001b[31merror\u001b[39m","message":"Error in GCP session","timestamp":"2024-11-25 17:38:58"}
{"error":{"name":"ReferenceError"},"level":"\u001b[31merror\u001b[39m","message":"Error in GCP session","timestamp":"2024-11-25 17:38:58"}
{"error":{"name":"ReferenceError"},"level":"\u001b[31merror\u001b[39m","message":"Error in GCP session","timestamp":"2024-11-25 17:38:58"}
{"error":{"name":"ReferenceError"},"level":"\u001b[31merror\u001b[39m","message":"Error in GCP session","timestamp":"2024-11-25 17:38:58"}
{"error":{"name":"ReferenceError"},"level":"\u001b[31merror\u001b[39m","message":"Error in GCP session","timestamp":"2024-11-25 17:38:58"}
{"error":{"name":"ReferenceError"},"level":"\u001b[31merror\u001b[39m","message":"Error in GCP session","timestamp":"2024-11-25 17:38:58"}
{"error":{"name":"ReferenceError"},"level":"\u001b[31merror\u001b[39m","message":"Error in GCP session","timestamp":"2024-11-25 17:38:59"}
{"error":{"name":"ReferenceError"},"level":"\u001b[31merror\u001b[39m","message":"Error in GCP session","timestamp":"2024-11-25 17:38:59"}
{"error":{"name":"ReferenceError"},"level":"\u001b[31merror\u001b[39m","message":"Error in GCP session","timestamp":"2024-11-25 17:38:59"}
{"error":{"name":"ReferenceError"},"level":"\u001b[31merror\u001b[39m","message":"Error in GCP session","timestamp":"2024-11-25 17:38:59"}
{"error":{"name":"ReferenceError"},"level":"\u001b[31merror\u001b[39m","message":"Error in GCP session","timestamp":"2024-11-25 17:38:59"}
{"error":{"name":"ReferenceError"},"level":"\u001b[31merror\u001b[39m","message":"Error in GCP session","timestamp":"2024-11-25 17:38:59"}
{"error":{"name":"ReferenceError"},"level":"\u001b[31merror\u001b[39m","message":"Error in GCP session","timestamp":"2024-11-25 17:38:59"}
{"error":{"name":"ReferenceError"},"level":"\u001b[31merror\u001b[39m","message":"Error in GCP session","timestamp":"2024-11-25 17:38:59"}
{"error":{"name":"ReferenceError"},"level":"\u001b[31merror\u001b[39m","message":"Error in GCP session","timestamp":"2024-11-25 17:38:59"}
{"error":{"name":"ReferenceError"},"level":"\u001b[31merror\u001b[39m","message":"Error in GCP session","timestamp":"2024-11-25 17:38:59"}
{"error":{"name":"ReferenceError"},"level":"\u001b[31merror\u001b[39m","message":"Error in GCP session","timestamp":"2024-11-25 17:38:59"}
{"error":{"name":"ReferenceError"},"level":"\u001b[31merror\u001b[39m","message":"Error in GCP session","timestamp":"2024-11-25 17:38:59"}
{"error":{"name":"ReferenceError"},"level":"\u001b[31merror\u001b[39m","message":"Error in GCP session","timestamp":"2024-11-25 17:38:59"}
{"error":{"name":"ReferenceError"},"level":"\u001b[31merror\u001b[39m","message":"Error in GCP session","timestamp":"2024-11-25 17:38:59"}
{"error":{"name":"ReferenceError"},"level":"\u001b[31merror\u001b[39m","message":"Error in GCP session","timestamp":"2024-11-25 17:38:59"}
{"error":{"name":"ReferenceError"},"level":"\u001b[31merror\u001b[39m","message":"Error in GCP session","timestamp":"2024-11-25 17:38:59"}
{"error":{"name":"ReferenceError"},"level":"\u001b[31merror\u001b[39m","message":"Error in GCP session","timestamp":"2024-11-25 17:38:59"}
{"error":{"name":"ReferenceError"},"level":"\u001b[31merror\u001b[39m","message":"Error in GCP session","timestamp":"2024-11-25 17:38:59"}
{"error":{"name":"ReferenceError"},"level":"\u001b[31merror\u001b[39m","message":"Error in GCP session","timestamp":"2024-11-25 17:38:59"}
{"error":{"name":"ReferenceError"},"level":"\u001b[31merror\u001b[39m","message":"Error in GCP session","timestamp":"2024-11-25 17:38:59"}
{"error":{"name":"ReferenceError"},"level":"\u001b[31merror\u001b[39m","message":"Error in GCP session","timestamp":"2024-11-25 17:38:59"}
{"error":{"name":"ReferenceError"},"level":"\u001b[31merror\u001b[39m","message":"Error in GCP session","timestamp":"2024-11-25 17:38:59"}
{"error":{"name":"ReferenceError"},"level":"\u001b[31merror\u001b[39m","message":"Error in GCP session","timestamp":"2024-11-25 17:38:59"}
{"error":{"name":"ReferenceError"},"level":"\u001b[31merror\u001b[39m","message":"Error in GCP session","timestamp":"2024-11-25 17:38:59"}
{"error":{"name":"ReferenceError"},"level":"\u001b[31merror\u001b[39m","message":"Error in GCP session","timestamp":"2024-11-25 17:38:59"}
{"error":{"name":"ReferenceError"},"level":"\u001b[31merror\u001b[39m","message":"Error in GCP session","timestamp":"2024-11-25 17:38:59"}
{"error":{"name":"ReferenceError"},"level":"\u001b[31merror\u001b[39m","message":"Error in GCP session","timestamp":"2024-11-25 17:38:59"}
{"error":{"name":"ReferenceError"},"level":"\u001b[31merror\u001b[39m","message":"Error in GCP session","timestamp":"2024-11-25 17:38:59"}
{"error":{"name":"ReferenceError"},"level":"\u001b[31merror\u001b[39m","message":"Error in GCP session","timestamp":"2024-11-25 17:38:59"}
{"error":{"name":"ReferenceError"},"level":"\u001b[31merror\u001b[39m","message":"Error in GCP session","timestamp":"2024-11-25 17:38:59"}
{"error":{"name":"ReferenceError"},"level":"\u001b[31merror\u001b[39m","message":"Error in GCP session","timestamp":"2024-11-25 17:39:00"}
{"error":{"name":"ReferenceError"},"level":"\u001b[31merror\u001b[39m","message":"Error in GCP session","timestamp":"2024-11-25 17:39:00"}
{"error":{"name":"ReferenceError"},"level":"\u001b[31merror\u001b[39m","message":"Error in GCP session","timestamp":"2024-11-25 17:39:00"}
{"error":{"name":"ReferenceError"},"level":"\u001b[31merror\u001b[39m","message":"Error in GCP session","timestamp":"2024-11-25 17:39:00"}
{"error":{"name":"ReferenceError"},"level":"\u001b[31merror\u001b[39m","message":"Error in GCP session","timestamp":"2024-11-25 17:39:00"}
{"error":{"name":"ReferenceError"},"level":"\u001b[31merror\u001b[39m","message":"Error in GCP session","timestamp":"2024-11-25 17:39:00"}
{"error":{"name":"ReferenceError"},"level":"\u001b[31merror\u001b[39m","message":"Error in GCP session","timestamp":"2024-11-25 17:39:00"}
{"error":{"name":"ReferenceError"},"level":"\u001b[31merror\u001b[39m","message":"Error in GCP session","timestamp":"2024-11-25 17:39:00"}
{"error":{"name":"ReferenceError"},"level":"\u001b[31merror\u001b[39m","message":"Error in GCP session","timestamp":"2024-11-25 17:39:00"}
{"error":{"name":"ReferenceError"},"level":"\u001b[31merror\u001b[39m","message":"Error in GCP session","timestamp":"2024-11-25 17:39:00"}
{"error":{"name":"ReferenceError"},"level":"\u001b[31merror\u001b[39m","message":"Error in GCP session","timestamp":"2024-11-25 17:39:00"}
{"error":{"name":"ReferenceError"},"level":"\u001b[31merror\u001b[39m","message":"Error in GCP session","timestamp":"2024-11-25 17:39:00"}
{"error":{"name":"ReferenceError"},"level":"\u001b[31merror\u001b[39m","message":"Error in GCP session","timestamp":"2024-11-25 17:39:00"}
{"error":{"name":"ReferenceError"},"level":"\u001b[31merror\u001b[39m","message":"Error in GCP session","timestamp":"2024-11-25 17:39:00"}
{"error":{"name":"ReferenceError"},"level":"\u001b[31merror\u001b[39m","message":"Error in GCP session","timestamp":"2024-11-25 17:39:00"}
{"error":{"name":"ReferenceError"},"level":"\u001b[31merror\u001b[39m","message":"Error in GCP session","timestamp":"2024-11-25 17:39:00"}
{"error":{"name":"ReferenceError"},"level":"\u001b[31merror\u001b[39m","message":"Error in GCP session","timestamp":"2024-11-25 17:39:00"}
{"error":{"name":"ReferenceError"},"level":"\u001b[31merror\u001b[39m","message":"Error in GCP session","timestamp":"2024-11-25 17:39:00"}
{"error":{"name":"ReferenceError"},"level":"\u001b[31merror\u001b[39m","message":"Error in GCP session","timestamp":"2024-11-25 17:39:00"}
{"error":{"name":"ReferenceError"},"level":"\u001b[31merror\u001b[39m","message":"Error in GCP session","timestamp":"2024-11-25 17:39:00"}
{"error":{"name":"ReferenceError"},"level":"\u001b[31merror\u001b[39m","message":"Error in GCP session","timestamp":"2024-11-25 17:39:00"}
{"error":{"name":"ReferenceError"},"level":"\u001b[31merror\u001b[39m","message":"Error in GCP session","timestamp":"2024-11-25 17:39:00"}
{"error":{"name":"ReferenceError"},"level":"\u001b[31merror\u001b[39m","message":"Error in GCP session","timestamp":"2024-11-25 17:39:00"}
{"error":{"name":"ReferenceError"},"level":"\u001b[31merror\u001b[39m","message":"Error in GCP session","timestamp":"2024-11-25 17:39:00"}
{"error":{"name":"ReferenceError"},"level":"\u001b[31merror\u001b[39m","message":"Error in GCP session","timestamp":"2024-11-25 17:39:00"}
{"error":{"name":"ReferenceError"},"level":"\u001b[31merror\u001b[39m","message":"Error in GCP session","timestamp":"2024-11-25 17:39:00"}
{"error":{"name":"ReferenceError"},"level":"\u001b[31merror\u001b[39m","message":"Error in GCP session","timestamp":"2024-11-25 17:39:00"}
{"error":{"name":"ReferenceError"},"level":"\u001b[31merror\u001b[39m","message":"Error in GCP session","timestamp":"2024-11-25 17:39:00"}
{"error":{"name":"ReferenceError"},"level":"\u001b[31merror\u001b[39m","message":"Error in GCP session","timestamp":"2024-11-25 17:39:00"}
{"error":{"name":"ReferenceError"},"level":"\u001b[31merror\u001b[39m","message":"Error in GCP session","timestamp":"2024-11-25 17:39:00"}
{"error":{"name":"ReferenceError"},"level":"\u001b[31merror\u001b[39m","message":"Error in GCP session","timestamp":"2024-11-25 17:39:01"}
{"error":{"name":"ReferenceError"},"level":"\u001b[31merror\u001b[39m","message":"Error in GCP session","timestamp":"2024-11-25 17:39:01"}
{"error":{"name":"ReferenceError"},"level":"\u001b[31merror\u001b[39m","message":"Error in GCP session","timestamp":"2024-11-25 17:39:01"}
{"error":{"name":"ReferenceError"},"level":"\u001b[31merror\u001b[39m","message":"Error in GCP session","timestamp":"2024-11-25 17:39:01"}
{"error":{"name":"ReferenceError"},"level":"\u001b[31merror\u001b[39m","message":"Error in GCP session","timestamp":"2024-11-25 17:39:01"}
{"error":{"name":"ReferenceError"},"level":"\u001b[31merror\u001b[39m","message":"Error in GCP session","timestamp":"2024-11-25 17:39:01"}
{"error":{"name":"ReferenceError"},"level":"\u001b[31merror\u001b[39m","message":"Error in GCP session","timestamp":"2024-11-25 17:39:01"}
{"error":{"name":"ReferenceError"},"level":"\u001b[31merror\u001b[39m","message":"Error in GCP session","timestamp":"2024-11-25 17:39:01"}
{"error":{"name":"ReferenceError"},"level":"\u001b[31merror\u001b[39m","message":"Error in GCP session","timestamp":"2024-11-25 17:39:01"}
{"error":{"name":"ReferenceError"},"level":"\u001b[31merror\u001b[39m","message":"Error in GCP session","timestamp":"2024-11-25 17:39:01"}
{"error":{"name":"ReferenceError"},"level":"\u001b[31merror\u001b[39m","message":"Error in GCP session","timestamp":"2024-11-25 17:39:01"}
{"error":{"name":"ReferenceError"},"level":"\u001b[31merror\u001b[39m","message":"Error in GCP session","timestamp":"2024-11-25 17:39:01"}
{"error":{"name":"ReferenceError"},"level":"\u001b[31merror\u001b[39m","message":"Error in GCP session","timestamp":"2024-11-25 17:39:01"}
{"error":{"name":"ReferenceError"},"level":"\u001b[31merror\u001b[39m","message":"Error in GCP session","timestamp":"2024-11-25 17:39:01"}
{"error":{"name":"ReferenceError"},"level":"\u001b[31merror\u001b[39m","message":"Error in GCP session","timestamp":"2024-11-25 17:39:01"}
{"error":{"name":"ReferenceError"},"level":"\u001b[31merror\u001b[39m","message":"Error in GCP session","timestamp":"2024-11-25 17:39:01"}
{"error":{"name":"ReferenceError"},"level":"\u001b[31merror\u001b[39m","message":"Error in GCP session","timestamp":"2024-11-25 17:39:01"}
{"error":{"name":"ReferenceError"},"level":"\u001b[31merror\u001b[39m","message":"Error in GCP session","timestamp":"2024-11-25 17:39:01"}
{"error":{"name":"ReferenceError"},"level":"\u001b[31merror\u001b[39m","message":"Error in GCP session","timestamp":"2024-11-25 17:39:01"}
{"error":{"name":"ReferenceError"},"level":"\u001b[31merror\u001b[39m","message":"Error in GCP session","timestamp":"2024-11-25 17:39:01"}
{"error":{"name":"ReferenceError"},"level":"\u001b[31merror\u001b[39m","message":"Error in GCP session","timestamp":"2024-11-25 17:39:01"}
{"error":{"name":"ReferenceError"},"level":"\u001b[31merror\u001b[39m","message":"Error in GCP session","timestamp":"2024-11-25 17:39:01"}
{"error":{"name":"ReferenceError"},"level":"\u001b[31merror\u001b[39m","message":"Error in GCP session","timestamp":"2024-11-25 17:39:01"}
{"error":{"name":"ReferenceError"},"level":"\u001b[31merror\u001b[39m","message":"Error in GCP session","timestamp":"2024-11-25 17:39:01"}
{"error":{"name":"ReferenceError"},"level":"\u001b[31merror\u001b[39m","message":"Error in GCP session","timestamp":"2024-11-25 17:39:01"}
{"error":{"name":"ReferenceError"},"level":"\u001b[31merror\u001b[39m","message":"Error in GCP session","timestamp":"2024-11-25 17:39:01"}
{"error":{"name":"ReferenceError"},"level":"\u001b[31merror\u001b[39m","message":"Error in GCP session","timestamp":"2024-11-25 17:39:01"}
{"error":{"name":"ReferenceError"},"level":"\u001b[31merror\u001b[39m","message":"Error in GCP session","timestamp":"2024-11-25 17:39:01"}
{"error":{"name":"ReferenceError"},"level":"\u001b[31merror\u001b[39m","message":"Error in GCP session","timestamp":"2024-11-25 17:39:01"}
{"error":{"name":"ReferenceError"},"level":"\u001b[31merror\u001b[39m","message":"Error in GCP session","timestamp":"2024-11-25 17:39:01"}
{"error":{"name":"ReferenceError"},"level":"\u001b[31merror\u001b[39m","message":"Error in GCP session","timestamp":"2024-11-25 17:39:02"}
{"error":{"name":"ReferenceError"},"level":"\u001b[31merror\u001b[39m","message":"Error in GCP session","timestamp":"2024-11-25 17:39:02"}
{"error":{"name":"ReferenceError"},"level":"\u001b[31merror\u001b[39m","message":"Error in GCP session","timestamp":"2024-11-25 17:39:02"}
{"error":{"name":"ReferenceError"},"level":"\u001b[31merror\u001b[39m","message":"Error in GCP session","timestamp":"2024-11-25 17:39:02"}
{"error":{"name":"ReferenceError"},"level":"\u001b[31merror\u001b[39m","message":"Error in GCP session","timestamp":"2024-11-25 17:39:02"}
{"error":{"name":"ReferenceError"},"level":"\u001b[31merror\u001b[39m","message":"Error in GCP session","timestamp":"2024-11-25 17:39:02"}
{"error":{"name":"ReferenceError"},"level":"\u001b[31merror\u001b[39m","message":"Error in GCP session","timestamp":"2024-11-25 17:39:02"}
{"error":{"name":"ReferenceError"},"level":"\u001b[31merror\u001b[39m","message":"Error in GCP session","timestamp":"2024-11-25 17:39:02"}
{"error":{"name":"ReferenceError"},"level":"\u001b[31merror\u001b[39m","message":"Error in GCP session","timestamp":"2024-11-25 17:39:02"}
{"error":{"name":"ReferenceError"},"level":"\u001b[31merror\u001b[39m","message":"Error in GCP session","timestamp":"2024-11-25 17:39:02"}
{"error":{"name":"ReferenceError"},"level":"\u001b[31merror\u001b[39m","message":"Error in GCP session","timestamp":"2024-11-25 17:39:02"}
{"error":{"name":"ReferenceError"},"level":"\u001b[31merror\u001b[39m","message":"Error in GCP session","timestamp":"2024-11-25 17:39:02"}
{"error":{"name":"ReferenceError"},"level":"\u001b[31merror\u001b[39m","message":"Error in GCP session","timestamp":"2024-11-25 17:39:02"}
{"error":{"name":"ReferenceError"},"level":"\u001b[31merror\u001b[39m","message":"Error in GCP session","timestamp":"2024-11-25 17:39:02"}
{"error":{"name":"ReferenceError"},"level":"\u001b[31merror\u001b[39m","message":"Error in GCP session","timestamp":"2024-11-25 17:39:02"}
{"level":"\u001b[32minfo\u001b[39m","message":"🕵️‍♂️ :: Configuration loaded","timestamp":"2024-11-25 17:39:28"}
{"level":"\u001b[32minfo\u001b[39m","message":"🚀 :: Server is running on port 666","timestamp":"2024-11-25 17:39:29"}
{"error":{"name":"ReferenceError"},"level":"\u001b[31merror\u001b[39m","message":"Error in GCP session","timestamp":"2024-11-25 17:39:32"}
{"errors":"__name is not defined","h1Tags":[],"level":"\u001b[32minfo\u001b[39m","message":"SEO Test - /:","timestamp":"2024-11-25 17:39:32"}
{"level":"\u001b[32minfo\u001b[39m","message":"All examples completed successfully","timestamp":"2024-11-25 17:39:32"}
{"level":"\u001b[33mwarn\u001b[39m","message":"Browser disconnected, will reinitialize on next request","timestamp":"2024-11-25 17:39:32"}
{"level":"\u001b[32minfo\u001b[39m","message":"POST /api/test/run-puppeteer-examples 200 569ms","meta":{"req":{"headers":{"accept":"*/*","content-length":"0","content-type":"application/json","host":"localhost:666","user-agent":"insomnia/10.1.1"},"httpVersion":"1.1","method":"POST","originalUrl":"/api/test/run-puppeteer-examples","query":{},"url":"/api/test/run-puppeteer-examples"},"res":{"statusCode":200},"responseTime":569},"timestamp":"2024-11-25 17:39:32"}
{"level":"\u001b[32minfo\u001b[39m","message":"🕵️‍♂️ :: Configuration loaded","timestamp":"2024-11-25 17:39:50"}
{"level":"\u001b[32minfo\u001b[39m","message":"🚀 :: Server is running on port 666","timestamp":"2024-11-25 17:39:51"}
{"error":{"name":"ReferenceError"},"level":"\u001b[31merror\u001b[39m","message":"Error in GCP session","timestamp":"2024-11-25 17:39:55"}
{"errors":"__name is not defined","h1Tags":[],"level":"\u001b[32minfo\u001b[39m","message":"SEO Test - /:","timestamp":"2024-11-25 17:39:55"}
{"level":"\u001b[32minfo\u001b[39m","message":"All examples completed successfully","timestamp":"2024-11-25 17:39:55"}
{"level":"\u001b[33mwarn\u001b[39m","message":"Browser disconnected, will reinitialize on next request","timestamp":"2024-11-25 17:39:55"}
{"level":"\u001b[32minfo\u001b[39m","message":"POST /api/test/run-puppeteer-examples 200 536ms","meta":{"req":{"headers":{"accept":"*/*","content-length":"0","content-type":"application/json","host":"localhost:666","user-agent":"insomnia/10.1.1"},"httpVersion":"1.1","method":"POST","originalUrl":"/api/test/run-puppeteer-examples","query":{},"url":"/api/test/run-puppeteer-examples"},"res":{"statusCode":200},"responseTime":536},"timestamp":"2024-11-25 17:39:55"}
{"level":"\u001b[32minfo\u001b[39m","message":"🕵️‍♂️ :: Configuration loaded","timestamp":"2024-11-25 17:41:02"}
{"level":"\u001b[32minfo\u001b[39m","message":"🚀 :: Server is running on port 666","timestamp":"2024-11-25 17:41:03"}
{"error":{"name":"ReferenceError"},"level":"\u001b[31merror\u001b[39m","message":"Error in GCP session","timestamp":"2024-11-25 17:41:05"}
{"errors":"__name is not defined","h1Tags":[],"level":"\u001b[32minfo\u001b[39m","message":"SEO Test - /:","timestamp":"2024-11-25 17:41:05"}
{"level":"\u001b[32minfo\u001b[39m","message":"All examples completed successfully","timestamp":"2024-11-25 17:41:05"}
{"level":"\u001b[33mwarn\u001b[39m","message":"Browser disconnected, will reinitialize on next request","timestamp":"2024-11-25 17:41:05"}
{"level":"\u001b[32minfo\u001b[39m","message":"POST /api/test/run-puppeteer-examples 200 550ms","meta":{"req":{"headers":{"accept":"*/*","content-length":"0","content-type":"application/json","host":"localhost:666","user-agent":"insomnia/10.1.1"},"httpVersion":"1.1","method":"POST","originalUrl":"/api/test/run-puppeteer-examples","query":{},"url":"/api/test/run-puppeteer-examples"},"res":{"statusCode":200},"responseTime":550},"timestamp":"2024-11-25 17:41:05"}
{"level":"\u001b[32minfo\u001b[39m","message":"🕵️‍♂️ :: Configuration loaded","timestamp":"2024-11-25 17:42:11"}
{"level":"\u001b[32minfo\u001b[39m","message":"🚀 :: Server is running on port 666","timestamp":"2024-11-25 17:42:12"}
{"error":{"name":"TypeError"},"level":"\u001b[31merror\u001b[39m","message":"Page error:","timestamp":"2024-11-25 17:42:25"}
{"h1Tags":[],"level":"\u001b[32minfo\u001b[39m","message":"SEO Test - /:","timestamp":"2024-11-25 17:42:25"}
{"level":"\u001b[32minfo\u001b[39m","message":"All examples completed successfully","timestamp":"2024-11-25 17:42:25"}
{"level":"\u001b[33mwarn\u001b[39m","message":"Browser disconnected, will reinitialize on next request","timestamp":"2024-11-25 17:42:25"}
{"level":"\u001b[32minfo\u001b[39m","message":"POST /api/test/run-puppeteer-examples 200 11181ms","meta":{"req":{"headers":{"accept":"*/*","content-length":"0","content-type":"application/json","host":"localhost:666","user-agent":"insomnia/10.1.1"},"httpVersion":"1.1","method":"POST","originalUrl":"/api/test/run-puppeteer-examples","query":{},"url":"/api/test/run-puppeteer-examples"},"res":{"statusCode":200},"responseTime":11181},"timestamp":"2024-11-25 17:42:25"}
{"error":{"name":"TypeError"},"level":"\u001b[31merror\u001b[39m","message":"Page error:","timestamp":"2024-11-25 17:42:41"}
{"h1Tags":[],"level":"\u001b[32minfo\u001b[39m","message":"SEO Test - /:","timestamp":"2024-11-25 17:42:42"}
{"level":"\u001b[32minfo\u001b[39m","message":"All examples completed successfully","timestamp":"2024-11-25 17:42:42"}
{"level":"\u001b[33mwarn\u001b[39m","message":"Browser disconnected, will reinitialize on next request","timestamp":"2024-11-25 17:42:42"}
{"level":"\u001b[32minfo\u001b[39m","message":"POST /api/test/run-puppeteer-examples 200 8421ms","meta":{"req":{"headers":{"accept":"*/*","content-length":"0","content-type":"application/json","host":"localhost:666","user-agent":"insomnia/10.1.1"},"httpVersion":"1.1","method":"POST","originalUrl":"/api/test/run-puppeteer-examples","query":{},"url":"/api/test/run-puppeteer-examples"},"res":{"statusCode":200},"responseTime":8421},"timestamp":"2024-11-25 17:42:42"}
{"level":"\u001b[32minfo\u001b[39m","message":"🕵️‍♂️ :: Configuration loaded","timestamp":"2024-11-25 17:43:13"}
{"level":"\u001b[32minfo\u001b[39m","message":"🚀 :: Server is running on port 666","timestamp":"2024-11-25 17:43:14"}
{"error":{"name":"TypeError"},"level":"\u001b[31merror\u001b[39m","message":"Page error:","timestamp":"2024-11-25 17:43:23"}
{"level":"\u001b[32minfo\u001b[39m","message":"All examples completed successfully","timestamp":"2024-11-25 17:43:24"}
{"level":"\u001b[33mwarn\u001b[39m","message":"Browser disconnected, will reinitialize on next request","timestamp":"2024-11-25 17:43:24"}
{"level":"\u001b[32minfo\u001b[39m","message":"POST /api/test/run-puppeteer-examples 200 8231ms","meta":{"req":{"headers":{"accept":"*/*","content-length":"0","content-type":"application/json","host":"localhost:666","user-agent":"insomnia/10.1.1"},"httpVersion":"1.1","method":"POST","originalUrl":"/api/test/run-puppeteer-examples","query":{},"url":"/api/test/run-puppeteer-examples"},"res":{"statusCode":200},"responseTime":8231},"timestamp":"2024-11-25 17:43:24"}
{"level":"\u001b[32minfo\u001b[39m","message":"🕵️‍♂️ :: Configuration loaded","timestamp":"2024-11-25 17:44:20"}
{"level":"\u001b[32minfo\u001b[39m","message":"🚀 :: Server is running on port 666","timestamp":"2024-11-25 17:44:21"}
{"level":"\u001b[32minfo\u001b[39m","message":"🕵️‍♂️ :: Configuration loaded","timestamp":"2024-11-25 17:44:25"}
{"level":"\u001b[32minfo\u001b[39m","message":"🚀 :: Server is running on port 666","timestamp":"2024-11-25 17:44:25"}
{"level":"\u001b[32minfo\u001b[39m","message":"🕵️‍♂️ :: Configuration loaded","timestamp":"2024-11-25 17:46:24"}
{"level":"\u001b[32minfo\u001b[39m","message":"🚀 :: Server is running on port 666","timestamp":"2024-11-25 17:46:25"}
{"level":"\u001b[32minfo\u001b[39m","message":"🕵️‍♂️ :: Configuration loaded","timestamp":"2024-11-25 17:46:27"}
{"level":"\u001b[32minfo\u001b[39m","message":"🚀 :: Server is running on port 666","timestamp":"2024-11-25 17:46:28"}
{"level":"\u001b[32minfo\u001b[39m","message":"🕵️‍♂️ :: Configuration loaded","timestamp":"2024-11-25 17:48:20"}
{"level":"\u001b[32minfo\u001b[39m","message":"🚀 :: Server is running on port 666","timestamp":"2024-11-25 17:48:20"}
{"level":"\u001b[32minfo\u001b[39m","message":"🕵️‍♂️ :: Configuration loaded","timestamp":"2024-11-25 17:50:44"}
{"level":"\u001b[32minfo\u001b[39m","message":"🚀 :: Server is running on port 666","timestamp":"2024-11-25 17:50:45"}
{"level":"\u001b[32minfo\u001b[39m","message":"🕵️‍♂️ :: Configuration loaded","timestamp":"2024-11-25 17:51:18"}
{"level":"\u001b[32minfo\u001b[39m","message":"🚀 :: Server is running on port 666","timestamp":"2024-11-25 17:51:19"}
{"level":"\u001b[32minfo\u001b[39m","message":"🕵️‍♂️ :: Configuration loaded","timestamp":"2024-11-25 17:58:59"}
{"level":"\u001b[32minfo\u001b[39m","message":"🚀 :: Server is running on port 666","timestamp":"2024-11-25 17:59:00"}
{"level":"\u001b[32minfo\u001b[39m","message":"🕵️‍♂️ :: Configuration loaded","timestamp":"2024-11-25 17:59:43"}
{"level":"\u001b[32minfo\u001b[39m","message":"🚀 :: Server is running on port 666","timestamp":"2024-11-25 17:59:44"}
{"level":"\u001b[32minfo\u001b[39m","message":"🕵️‍♂️ :: Configuration loaded","timestamp":"2024-11-25 18:15:27"}
{"level":"\u001b[32minfo\u001b[39m","message":"🚀 :: Server is running on port 666","timestamp":"2024-11-25 18:15:28"}
{"level":"\u001b[32minfo\u001b[39m","message":"🕵️‍♂️ :: Configuration loaded","timestamp":"2024-11-27 14:15:18"}
{"level":"\u001b[32minfo\u001b[39m","message":"🚀 :: Server is running on port 666","timestamp":"2024-11-27 14:15:25"}
{"error":{"name":"TimeoutError"},"level":"\u001b[33mwarn\u001b[39m","message":"Retry attempt 1 of 3","timestamp":"2024-11-27 14:15:38"}
{"level":"\u001b[32minfo\u001b[39m","message":"🕵️‍♂️ :: Configuration loaded","timestamp":"2024-11-27 14:16:10"}
{"level":"\u001b[32minfo\u001b[39m","message":"🚀 :: Server is running on port 666","timestamp":"2024-11-27 14:16:11"}
{"level":"\u001b[32minfo\u001b[39m","message":"🕵️‍♂️ :: Configuration loaded","timestamp":"2024-11-27 14:16:49"}
{"level":"\u001b[32minfo\u001b[39m","message":"🚀 :: Server is running on port 666","timestamp":"2024-11-27 14:16:50"}
{"error":{"name":"TimeoutError"},"level":"\u001b[33mwarn\u001b[39m","message":"Retry attempt 1 of 3","timestamp":"2024-11-27 14:17:03"}
{"level":"\u001b[32minfo\u001b[39m","message":"🕵️‍♂️ :: Configuration loaded","timestamp":"2024-11-27 14:17:35"}
{"level":"\u001b[32minfo\u001b[39m","message":"🚀 :: Server is running on port 666","timestamp":"2024-11-27 14:17:35"}
